{"/home/daniel/development/launch_school/Launch-School-JS-130/lesson_3/car/car.js": {"path":"/home/daniel/development/launch_school/Launch-School-JS-130/lesson_3/car/car.js","statementMap":{"0":{"start":{"line":3,"column":4},"end":{"line":3,"column":20}},"1":{"start":{"line":4,"column":4},"end":{"line":4,"column":28}},"2":{"start":{"line":8,"column":0},"end":{"line":8,"column":21}}},"fnMap":{"0":{"name":"(anonymous_0)","decl":{"start":{"line":2,"column":2},"end":{"line":2,"column":3}},"loc":{"start":{"line":2,"column":16},"end":{"line":5,"column":3}},"line":2}},"branchMap":{},"s":{"0":10,"1":10,"2":1},"f":{"0":10},"b":{},"_coverageSchema":"1a1c01bbd47fc00a2c39e90264f33305004495a9","hash":"ff4fccfd2311dcf52587b9f47b67905c0e9bf6e1"}
}
